<?xml version="1.0" encoding="UTF-8"?>
<testng-results skipped="0" failed="0" ignored="0" total="1" passed="1">
  <reporter-output>
  </reporter-output>
  <suite name="Suite" duration-ms="28504" started-at="2022-05-30T15:23:25 IST" finished-at="2022-05-30T15:23:54 IST">
    <groups>
    </groups>
    <test name="Test" duration-ms="28504" started-at="2022-05-30T15:23:25 IST" finished-at="2022-05-30T15:23:54 IST">
      <class name="Home">
        <test-method status="PASS" signature="init(java.lang.String,java.lang.String)[pri:0, instance:Home@5fdba6f9]" name="init" is-config="true" duration-ms="12029" started-at="2022-05-30T15:23:25 IST" finished-at="2022-05-30T15:23:37 IST">
          <params>
            <param index="0">
              <value>
                <![CDATA[chrome]]>
              </value>
            </param>
            <param index="1">
              <value>
                <![CDATA[http://demo.automationtesting.in/Frames.html]]>
              </value>
            </param>
          </params>
          <reporter-output>
          </reporter-output>
        </test-method> <!-- init -->
        <test-method status="PASS" signature="homePagevalidation()[pri:0, instance:Home@5fdba6f9]" name="homePagevalidation" duration-ms="15655" started-at="2022-05-30T15:23:37 IST" finished-at="2022-05-30T15:23:53 IST">
          <reporter-output>
          </reporter-output>
        </test-method> <!-- homePagevalidation -->
        <test-method status="PASS" signature="quit()[pri:0, instance:Home@5fdba6f9]" name="quit" is-config="true" duration-ms="749" started-at="2022-05-30T15:23:53 IST" finished-at="2022-05-30T15:23:54 IST">
          <reporter-output>
          </reporter-output>
        </test-method> <!-- quit -->
      </class> <!-- Home -->
    </test> <!-- Test -->
  </suite> <!-- Suite -->
</testng-results>
